<?xml version="1.0" encoding="UTF-8"?>
<!-- Generated by org.testng.reporters.JUnitReportReporter -->
<testsuite hostname="LAPTOP-PKI9VOVU" failures="0" tests="1" name="CommonUtils.LeadBaseClass" time="29.237" errors="0" timestamp="2024-01-24T10:39:25 IST" skipped="0">
  <testcase classname="CommonUtils.LeadBaseClass" name="leadTest" time="29.237"/>
  <system-out/>
</testsuite> <!-- CommonUtils.LeadBaseClass -->
